# JRE version: OpenJDK Runtime Environment Temurin-20.0.2+9 (20.0.2+9) (build 20.0.2+9)
# Java VM: OpenJDK 64-Bit Server VM Temurin-20.0.2+9 (20.0.2+9, mixed mode, emulated-client, tiered, compressed oops, compressed class ptrs, g1 gc, windows-amd64)
GC Precious Log:
 CardTable entry size: 512
 Card Set container configuration: InlinePtr #cards 5 size 8 Array Of Cards #cards 12 size 40 Howl #buckets 4 coarsen threshold 1843 Howl Bitmap #cards 512 size 80 coarsen threshold 460 Card regions per heap region 1 cards per card region 2048
 CPUs: 12 total, 12 available
 Memory: 8059M
 Large Page Support: Disabled
 NUMA Support: Disabled
 Compressed Oops: Enabled (32-bit)
 Heap Region Size: 1M
 Heap Min Capacity: 8M
 Heap Initial Capacity: 126M
 Heap Max Capacity: 2016M
 Pre-touch: Disabled
 Parallel Workers: 10
 Concurrent Workers: 3
 Concurrent Refinement Workers: 10
 Periodic GC: Disabled
Heap:
 garbage-first heap   total 295936K, used 267201K [0x0000000082000000, 0x0000000100000000)
  region size 1024K, 139 young (142336K), 6 survivors (6144K)
 Metaspace       used 124662K, committed 127040K, reserved 1179648K
  class space    used 16755K, committed 17920K, reserved 1048576K
GC Heap History (20 events):
Event: 3866.712 GC heap after
{Heap after GC invocations=56 (full 0):
 garbage-first heap   total 294912K, used 137216K [0x0000000082000000, 0x0000000100000000)
  region size 1024K, 17 young (17408K), 17 survivors (17408K)
 Metaspace       used 120783K, committed 122688K, reserved 1179648K
  class space    used 16181K, committed 17088K, reserved 1048576K
}
Event: 3940.928 GC heap before
{Heap before GC invocations=56 (full 0):
 garbage-first heap   total 294912K, used 264192K [0x0000000082000000, 0x0000000100000000)
  region size 1024K, 139 young (142336K), 17 survivors (17408K)
 Metaspace       used 122162K, committed 124288K, reserved 1179648K
  class space    used 16386K, committed 17408K, reserved 1048576K
}
Event: 3940.971 GC heap after
{Heap after GC invocations=57 (full 0):
 garbage-first heap   total 295936K, used 119538K [0x0000000082000000, 0x0000000100000000)
  region size 1024K, 13 young (13312K), 13 survivors (13312K)
 Metaspace       used 122162K, committed 124288K, reserved 1179648K
  class space    used 16386K, committed 17408K, reserved 1048576K
}
Event: 3940.973 GC heap before
{Heap before GC invocations=57 (full 0):
 garbage-first heap   total 295936K, used 119538K [0x0000000082000000, 0x0000000100000000)
  region size 1024K, 14 young (14336K), 13 survivors (13312K)
 Metaspace       used 122162K, committed 124288K, reserved 1179648K
  class space    used 16386K, committed 17408K, reserved 1048576K
}
Event: 3940.988 GC heap after
{Heap after GC invocations=58 (full 0):
 garbage-first heap   total 295936K, used 120648K [0x0000000082000000, 0x0000000100000000)
  region size 1024K, 2 young (2048K), 2 survivors (2048K)
 Metaspace       used 122162K, committed 124288K, reserved 1179648K
  class space    used 16386K, committed 17408K, reserved 1048576K
}
Event: 3942.287 GC heap before
{Heap before GC invocations=59 (full 0):
 garbage-first heap   total 295936K, used 262984K [0x0000000082000000, 0x0000000100000000)
  region size 1024K, 141 young (144384K), 2 survivors (2048K)
 Metaspace       used 119535K, committed 123712K, reserved 1179648K
  class space    used 16090K, committed 17408K, reserved 1048576K
}
Event: 3942.295 GC heap after
{Heap after GC invocations=60 (full 0):
 garbage-first heap   total 295936K, used 130228K [0x0000000082000000, 0x0000000100000000)
  region size 1024K, 11 young (11264K), 11 survivors (11264K)
 Metaspace       used 119535K, committed 123712K, reserved 1179648K
  class space    used 16090K, committed 17408K, reserved 1048576K
}
Event: 4633.284 GC heap before
{Heap before GC invocations=60 (full 0):
 garbage-first heap   total 295936K, used 267444K [0x0000000082000000, 0x0000000100000000)
  region size 1024K, 142 young (145408K), 11 survivors (11264K)
 Metaspace       used 121966K, committed 124224K, reserved 1179648K
  class space    used 16403K, committed 17408K, reserved 1048576K
}
Event: 4633.378 GC heap after
{Heap after GC invocations=61 (full 0):
 garbage-first heap   total 295936K, used 135424K [0x0000000082000000, 0x0000000100000000)
  region size 1024K, 14 young (14336K), 14 survivors (14336K)
 Metaspace       used 121966K, committed 124224K, reserved 1179648K
  class space    used 16403K, committed 17408K, reserved 1048576K
}
Event: 4633.617 GC heap before
{Heap before GC invocations=61 (full 0):
 garbage-first heap   total 295936K, used 143616K [0x0000000082000000, 0x0000000100000000)
  region size 1024K, 23 young (23552K), 14 survivors (14336K)
 Metaspace       used 122041K, committed 124224K, reserved 1179648K
  class space    used 16416K, committed 17408K, reserved 1048576K
}
Event: 4633.627 GC heap after
{Heap after GC invocations=62 (full 0):
 garbage-first heap   total 295936K, used 130021K [0x0000000082000000, 0x0000000100000000)
  region size 1024K, 2 young (2048K), 2 survivors (2048K)
 Metaspace       used 122041K, committed 124224K, reserved 1179648K
  class space    used 16416K, committed 17408K, reserved 1048576K
}
Event: 4634.314 GC heap before
{Heap before GC invocations=63 (full 0):
 garbage-first heap   total 295936K, used 261093K [0x0000000082000000, 0x0000000100000000)
  region size 1024K, 134 young (137216K), 2 survivors (2048K)
 Metaspace       used 119887K, committed 122880K, reserved 1179648K
  class space    used 16179K, committed 17216K, reserved 1048576K
}
Event: 4634.328 GC heap after
{Heap after GC invocations=64 (full 0):
 garbage-first heap   total 295936K, used 139515K [0x0000000082000000, 0x0000000100000000)
  region size 1024K, 15 young (15360K), 15 survivors (15360K)
 Metaspace       used 119887K, committed 122880K, reserved 1179648K
  class space    used 16179K, committed 17216K, reserved 1048576K
}
Event: 4647.729 GC heap before
{Heap before GC invocations=64 (full 0):
 garbage-first heap   total 295936K, used 263419K [0x0000000082000000, 0x0000000100000000)
  region size 1024K, 136 young (139264K), 15 survivors (15360K)
 Metaspace       used 121196K, committed 123392K, reserved 1179648K
  class space    used 16355K, committed 17408K, reserved 1048576K
}
Event: 4647.752 GC heap after
{Heap after GC invocations=65 (full 0):
 garbage-first heap   total 295936K, used 124027K [0x0000000082000000, 0x0000000100000000)
  region size 1024K, 11 young (11264K), 11 survivors (11264K)
 Metaspace       used 121196K, committed 123392K, reserved 1179648K
  class space    used 16355K, committed 17408K, reserved 1048576K
}
Event: 4647.940 GC heap before
{Heap before GC invocations=65 (full 0):
 garbage-first heap   total 295936K, used 195707K [0x0000000082000000, 0x0000000100000000)
  region size 1024K, 83 young (84992K), 11 survivors (11264K)
 Metaspace       used 121300K, committed 123520K, reserved 1179648K
  class space    used 16369K, committed 17472K, reserved 1048576K
}
Event: 4647.946 GC heap after
{Heap after GC invocations=66 (full 0):
 garbage-first heap   total 295936K, used 124840K [0x0000000082000000, 0x0000000100000000)
  region size 1024K, 11 young (11264K), 11 survivors (11264K)
 Metaspace       used 121300K, committed 123520K, reserved 1179648K
  class space    used 16369K, committed 17472K, reserved 1048576K
}
Event: 4675.912 GC heap before
{Heap before GC invocations=67 (full 0):
 garbage-first heap   total 295936K, used 264104K [0x0000000082000000, 0x0000000100000000)
  region size 1024K, 148 young (151552K), 11 survivors (11264K)
 Metaspace       used 122408K, committed 124736K, reserved 1179648K
  class space    used 16498K, committed 17664K, reserved 1048576K
}
Event: 4675.925 GC heap after
{Heap after GC invocations=68 (full 0):
 garbage-first heap   total 295936K, used 126913K [0x0000000082000000, 0x0000000100000000)
  region size 1024K, 12 young (12288K), 12 survivors (12288K)
 Metaspace       used 122408K, committed 124736K, reserved 1179648K
  class space    used 16498K, committed 17664K, reserved 1048576K
}
Event: 5013.478 GC heap before
{Heap before GC invocations=68 (full 0):
 garbage-first heap   total 295936K, used 266177K [0x0000000082000000, 0x0000000100000000)
  region size 1024K, 145 young (148480K), 12 survivors (12288K)
 Metaspace       used 124662K, committed 127040K, reserved 1179648K
  class space    used 16755K, committed 17920K, reserved 1048576K
}

